{"/home/shoyeb/migration_backup/Code/muaz/src/App.css": {"path":"/home/shoyeb/migration_backup/Code/muaz/src/App.css","statementMap":{},"fnMap":{},"branchMap":{},"s":{},"f":{},"b":{},"meta":{"lastBranch":0,"lastFunction":0,"lastStatement":0,"seen":{}}}
,"/home/shoyeb/migration_backup/Code/muaz/src/App.tsx": {"path":"/home/shoyeb/migration_backup/Code/muaz/src/App.tsx","statementMap":{"0":{"start":{"line":7,"column":2},"end":{"line":11,"column":null}}},"fnMap":{"0":{"name":"App","decl":{"start":{"line":6,"column":9},"end":{"line":6,"column":15}},"loc":{"start":{"line":6,"column":15},"end":{"line":13,"column":null}},"line":6}},"branchMap":{},"s":{"0":4},"f":{"0":4},"b":{},"meta":{"lastBranch":0,"lastFunction":1,"lastStatement":1,"seen":{"f:6:9:6:15":0,"s:7:2:11:Infinity":0}}}
,"/home/shoyeb/migration_backup/Code/muaz/src/book.json": {"path":"/home/shoyeb/migration_backup/Code/muaz/src/book.json","statementMap":{},"fnMap":{},"branchMap":{},"s":{},"f":{},"b":{},"meta":{"lastBranch":0,"lastFunction":0,"lastStatement":0,"seen":{}}}
,"/home/shoyeb/migration_backup/Code/muaz/src/pages/Home.tsx": {"path":"/home/shoyeb/migration_backup/Code/muaz/src/pages/Home.tsx","statementMap":{"0":{"start":{"line":8,"column":24},"end":{"line":12,"column":null}},"1":{"start":{"line":9,"column":18},"end":{"line":9,"column":null}},"2":{"start":{"line":10,"column":4},"end":{"line":10,"column":null}},"3":{"start":{"line":10,"column":15},"end":{"line":10,"column":null}},"4":{"start":{"line":11,"column":4},"end":{"line":11,"column":null}},"5":{"start":{"line":14,"column":36},"end":{"line":14,"column":null}},"6":{"start":{"line":15,"column":38},"end":{"line":15,"column":null}},"7":{"start":{"line":16,"column":34},"end":{"line":16,"column":null}},"8":{"start":{"line":18,"column":31},"end":{"line":23,"column":null}},"9":{"start":{"line":26,"column":2},"end":{"line":39,"column":null}},"10":{"start":{"line":27,"column":23},"end":{"line":37,"column":null}},"11":{"start":{"line":28,"column":6},"end":{"line":36,"column":null}},"12":{"start":{"line":29,"column":20},"end":{"line":29,"column":null}},"13":{"start":{"line":30,"column":21},"end":{"line":30,"column":null}},"14":{"start":{"line":31,"column":8},"end":{"line":33,"column":null}},"15":{"start":{"line":32,"column":10},"end":{"line":32,"column":null}},"16":{"start":{"line":35,"column":8},"end":{"line":35,"column":null}},"17":{"start":{"line":38,"column":4},"end":{"line":38,"column":null}},"18":{"start":{"line":41,"column":2},"end":{"line":44,"column":null}},"19":{"start":{"line":42,"column":4},"end":{"line":42,"column":null}},"20":{"start":{"line":43,"column":4},"end":{"line":43,"column":null}},"21":{"start":{"line":46,"column":2},"end":{"line":55,"column":null}},"22":{"start":{"line":47,"column":23},"end":{"line":47,"column":null}},"23":{"start":{"line":48,"column":25},"end":{"line":52,"column":null}},"24":{"start":{"line":49,"column":6},"end":{"line":51,"column":null}},"25":{"start":{"line":50,"column":8},"end":{"line":50,"column":null}},"26":{"start":{"line":53,"column":4},"end":{"line":53,"column":null}},"27":{"start":{"line":54,"column":4},"end":{"line":54,"column":null}},"28":{"start":{"line":54,"column":17},"end":{"line":54,"column":null}},"29":{"start":{"line":57,"column":22},"end":{"line":59,"column":null}},"30":{"start":{"line":58,"column":4},"end":{"line":58,"column":null}},"31":{"start":{"line":58,"column":21},"end":{"line":58,"column":56}},"32":{"start":{"line":61,"column":28},"end":{"line":64,"column":null}},"33":{"start":{"line":62,"column":28},"end":{"line":62,"column":null}},"34":{"start":{"line":63,"column":4},"end":{"line":63,"column":null}},"35":{"start":{"line":63,"column":26},"end":{"line":63,"column":53}},"36":{"start":{"line":66,"column":23},"end":{"line":99,"column":null}},"37":{"start":{"line":67,"column":4},"end":{"line":67,"column":null}},"38":{"start":{"line":68,"column":4},"end":{"line":68,"column":null}},"39":{"start":{"line":70,"column":4},"end":{"line":98,"column":null}},"40":{"start":{"line":71,"column":23},"end":{"line":81,"column":null}},"41":{"start":{"line":83,"column":6},"end":{"line":92,"column":null}},"42":{"start":{"line":84,"column":8},"end":{"line":84,"column":null}},"43":{"start":{"line":85,"column":8},"end":{"line":85,"column":null}},"44":{"start":{"line":87,"column":8},"end":{"line":87,"column":null}},"45":{"start":{"line":87,"column":30},"end":{"line":87,"column":38}},"46":{"start":{"line":88,"column":8},"end":{"line":88,"column":null}},"47":{"start":{"line":90,"column":26},"end":{"line":90,"column":null}},"48":{"start":{"line":91,"column":8},"end":{"line":91,"column":null}},"49":{"start":{"line":94,"column":6},"end":{"line":94,"column":null}},"50":{"start":{"line":95,"column":6},"end":{"line":95,"column":null}},"51":{"start":{"line":97,"column":6},"end":{"line":97,"column":null}},"52":{"start":{"line":101,"column":2},"end":{"line":276,"column":null}},"53":{"start":{"line":149,"column":61},"end":{"line":149,"column":83}},"54":{"start":{"line":179,"column":56},"end":{"line":179,"column":null}},"55":{"start":{"line":180,"column":57},"end":{"line":180,"column":null}},"56":{"start":{"line":181,"column":61},"end":{"line":181,"column":null}}},"fnMap":{"0":{"name":"Home","decl":{"start":{"line":7,"column":9},"end":{"line":7,"column":16}},"loc":{"start":{"line":7,"column":16},"end":{"line":278,"column":null}},"line":7},"1":{"name":"(anonymous_1)","decl":{"start":{"line":8,"column":37},"end":{"line":8,"column":43}},"loc":{"start":{"line":8,"column":43},"end":{"line":12,"column":3}},"line":8},"2":{"name":"(anonymous_2)","decl":{"start":{"line":26,"column":12},"end":{"line":26,"column":18}},"loc":{"start":{"line":26,"column":18},"end":{"line":39,"column":5}},"line":26},"3":{"name":"(anonymous_3)","decl":{"start":{"line":27,"column":23},"end":{"line":27,"column":35}},"loc":{"start":{"line":27,"column":35},"end":{"line":37,"column":null}},"line":27},"4":{"name":"(anonymous_4)","decl":{"start":{"line":41,"column":12},"end":{"line":41,"column":18}},"loc":{"start":{"line":41,"column":18},"end":{"line":44,"column":5}},"line":41},"5":{"name":"(anonymous_5)","decl":{"start":{"line":46,"column":12},"end":{"line":46,"column":18}},"loc":{"start":{"line":46,"column":18},"end":{"line":55,"column":5}},"line":46},"6":{"name":"(anonymous_6)","decl":{"start":{"line":48,"column":25},"end":{"line":48,"column":26}},"loc":{"start":{"line":48,"column":53},"end":{"line":52,"column":null}},"line":48},"7":{"name":"(anonymous_7)","decl":{"start":{"line":54,"column":11},"end":{"line":54,"column":17}},"loc":{"start":{"line":54,"column":17},"end":{"line":54,"column":null}},"line":54},"8":{"name":"(anonymous_8)","decl":{"start":{"line":57,"column":22},"end":{"line":57,"column":28}},"loc":{"start":{"line":57,"column":28},"end":{"line":59,"column":null}},"line":57},"9":{"name":"(anonymous_9)","decl":{"start":{"line":58,"column":13},"end":{"line":58,"column":21}},"loc":{"start":{"line":58,"column":21},"end":{"line":58,"column":56}},"line":58},"10":{"name":"(anonymous_10)","decl":{"start":{"line":61,"column":28},"end":{"line":61,"column":29}},"loc":{"start":{"line":61,"column":94},"end":{"line":64,"column":null}},"line":61},"11":{"name":"(anonymous_11)","decl":{"start":{"line":63,"column":17},"end":{"line":63,"column":26}},"loc":{"start":{"line":63,"column":26},"end":{"line":63,"column":53}},"line":63},"12":{"name":"(anonymous_12)","decl":{"start":{"line":66,"column":23},"end":{"line":66,"column":30}},"loc":{"start":{"line":66,"column":53},"end":{"line":99,"column":null}},"line":66},"13":{"name":"(anonymous_13)","decl":{"start":{"line":87,"column":22},"end":{"line":87,"column":30}},"loc":{"start":{"line":87,"column":30},"end":{"line":87,"column":38}},"line":87},"14":{"name":"(anonymous_14)","decl":{"start":{"line":149,"column":55},"end":{"line":149,"column":61}},"loc":{"start":{"line":149,"column":61},"end":{"line":149,"column":83}},"line":149},"15":{"name":"(anonymous_15)","decl":{"start":{"line":179,"column":50},"end":{"line":179,"column":56}},"loc":{"start":{"line":179,"column":56},"end":{"line":179,"column":null}},"line":179},"16":{"name":"(anonymous_16)","decl":{"start":{"line":180,"column":52},"end":{"line":180,"column":57}},"loc":{"start":{"line":180,"column":57},"end":{"line":180,"column":null}},"line":180},"17":{"name":"(anonymous_17)","decl":{"start":{"line":181,"column":55},"end":{"line":181,"column":61}},"loc":{"start":{"line":181,"column":61},"end":{"line":181,"column":null}},"line":181}},"branchMap":{"0":{"loc":{"start":{"line":10,"column":4},"end":{"line":10,"column":null}},"type":"if","locations":[{"start":{"line":10,"column":4},"end":{"line":10,"column":null}},{"start":{},"end":{}}],"line":10},"1":{"loc":{"start":{"line":11,"column":11},"end":{"line":11,"column":null}},"type":"cond-expr","locations":[{"start":{"line":11,"column":71},"end":{"line":11,"column":80}},{"start":{"line":11,"column":80},"end":{"line":11,"column":null}}],"line":11},"2":{"loc":{"start":{"line":31,"column":8},"end":{"line":33,"column":null}},"type":"if","locations":[{"start":{"line":31,"column":8},"end":{"line":33,"column":null}},{"start":{},"end":{}}],"line":31},"3":{"loc":{"start":{"line":49,"column":6},"end":{"line":51,"column":null}},"type":"if","locations":[{"start":{"line":49,"column":6},"end":{"line":51,"column":null}},{"start":{},"end":{}}],"line":49},"4":{"loc":{"start":{"line":50,"column":17},"end":{"line":50,"column":45}},"type":"cond-expr","locations":[{"start":{"line":50,"column":29},"end":{"line":50,"column":38}},{"start":{"line":50,"column":38},"end":{"line":50,"column":45}}],"line":50},"5":{"loc":{"start":{"line":58,"column":21},"end":{"line":58,"column":56}},"type":"cond-expr","locations":[{"start":{"line":58,"column":40},"end":{"line":58,"column":49}},{"start":{"line":58,"column":49},"end":{"line":58,"column":56}}],"line":58},"6":{"loc":{"start":{"line":83,"column":6},"end":{"line":92,"column":null}},"type":"if","locations":[{"start":{"line":83,"column":6},"end":{"line":92,"column":null}},{"start":{"line":89,"column":13},"end":{"line":92,"column":null}}],"line":83},"7":{"loc":{"start":{"line":91,"column":50},"end":{"line":91,"column":84}},"type":"binary-expr","locations":[{"start":{"line":91,"column":50},"end":{"line":91,"column":69}},{"start":{"line":91,"column":69},"end":{"line":91,"column":84}}],"line":91},"8":{"loc":{"start":{"line":107,"column":13},"end":{"line":110,"column":null}},"type":"cond-expr","locations":[{"start":{"line":108,"column":14},"end":{"line":108,"column":null}},{"start":{"line":110,"column":14},"end":{"line":110,"column":null}}],"line":107},"9":{"loc":{"start":{"line":178,"column":9},"end":{"line":230,"column":null}},"type":"binary-expr","locations":[{"start":{"line":178,"column":9},"end":{"line":178,"column":null}},{"start":{"line":179,"column":10},"end":{"line":230,"column":null}}],"line":178},"10":{"loc":{"start":{"line":219,"column":19},"end":{"line":225,"column":null}},"type":"cond-expr","locations":[{"start":{"line":220,"column":20},"end":{"line":223,"column":null}},{"start":{"line":225,"column":20},"end":{"line":225,"column":null}}],"line":219}},"s":{"0":3,"1":3,"2":3,"3":0,"4":3,"5":3,"6":3,"7":3,"8":3,"9":3,"10":3,"11":3,"12":3,"13":0,"14":0,"15":0,"16":3,"17":3,"18":3,"19":3,"20":3,"21":3,"22":3,"23":3,"24":0,"25":0,"26":3,"27":3,"28":3,"29":3,"30":0,"31":0,"32":3,"33":0,"34":0,"35":0,"36":3,"37":0,"38":0,"39":0,"40":0,"41":0,"42":0,"43":0,"44":0,"45":0,"46":0,"47":0,"48":0,"49":0,"50":0,"51":0,"52":3,"53":0,"54":0,"55":0,"56":0},"f":{"0":3,"1":3,"2":3,"3":3,"4":3,"5":3,"6":0,"7":3,"8":0,"9":0,"10":0,"11":0,"12":0,"13":0,"14":0,"15":0,"16":0,"17":0},"b":{"0":[0,3],"1":[0,3],"2":[0,0],"3":[0,0],"4":[0,0],"5":[0,0],"6":[0,0],"7":[0,0],"8":[3,0],"9":[3,0],"10":[0,0]},"meta":{"lastBranch":11,"lastFunction":18,"lastStatement":57,"seen":{"f:7:9:7:16":0,"s:8:24:12:Infinity":0,"f:8:37:8:43":1,"s:9:18:9:Infinity":1,"b:10:4:10:Infinity:undefined:undefined:undefined:undefined":0,"s:10:4:10:Infinity":2,"s:10:15:10:Infinity":3,"s:11:4:11:Infinity":4,"b:11:71:11:80:11:80:11:Infinity":1,"s:14:36:14:Infinity":5,"s:15:38:15:Infinity":6,"s:16:34:16:Infinity":7,"s:18:31:23:Infinity":8,"s:26:2:39:Infinity":9,"f:26:12:26:18":2,"s:27:23:37:Infinity":10,"f:27:23:27:35":3,"s:28:6:36:Infinity":11,"s:29:20:29:Infinity":12,"s:30:21:30:Infinity":13,"b:31:8:33:Infinity:undefined:undefined:undefined:undefined":2,"s:31:8:33:Infinity":14,"s:32:10:32:Infinity":15,"s:35:8:35:Infinity":16,"s:38:4:38:Infinity":17,"s:41:2:44:Infinity":18,"f:41:12:41:18":4,"s:42:4:42:Infinity":19,"s:43:4:43:Infinity":20,"s:46:2:55:Infinity":21,"f:46:12:46:18":5,"s:47:23:47:Infinity":22,"s:48:25:52:Infinity":23,"f:48:25:48:26":6,"b:49:6:51:Infinity:undefined:undefined:undefined:undefined":3,"s:49:6:51:Infinity":24,"s:50:8:50:Infinity":25,"b:50:29:50:38:50:38:50:45":4,"s:53:4:53:Infinity":26,"s:54:4:54:Infinity":27,"f:54:11:54:17":7,"s:54:17:54:Infinity":28,"s:57:22:59:Infinity":29,"f:57:22:57:28":8,"s:58:4:58:Infinity":30,"f:58:13:58:21":9,"s:58:21:58:56":31,"b:58:40:58:49:58:49:58:56":5,"s:61:28:64:Infinity":32,"f:61:28:61:29":10,"s:62:28:62:Infinity":33,"s:63:4:63:Infinity":34,"f:63:17:63:26":11,"s:63:26:63:53":35,"s:66:23:99:Infinity":36,"f:66:23:66:30":12,"s:67:4:67:Infinity":37,"s:68:4:68:Infinity":38,"s:70:4:98:Infinity":39,"s:71:23:81:Infinity":40,"b:83:6:92:Infinity:89:13:92:Infinity":6,"s:83:6:92:Infinity":41,"s:84:8:84:Infinity":42,"s:85:8:85:Infinity":43,"s:87:8:87:Infinity":44,"f:87:22:87:30":13,"s:87:30:87:38":45,"s:88:8:88:Infinity":46,"s:90:26:90:Infinity":47,"s:91:8:91:Infinity":48,"b:91:50:91:69:91:69:91:84":7,"s:94:6:94:Infinity":49,"s:95:6:95:Infinity":50,"s:97:6:97:Infinity":51,"s:101:2:276:Infinity":52,"b:108:14:108:Infinity:110:14:110:Infinity":8,"f:149:55:149:61":14,"s:149:61:149:83":53,"b:178:9:178:Infinity:179:10:230:Infinity":9,"f:179:50:179:56":15,"s:179:56:179:Infinity":54,"f:180:52:180:57":16,"s:180:57:180:Infinity":55,"f:181:55:181:61":17,"s:181:61:181:Infinity":56,"b:220:20:223:Infinity:225:20:225:Infinity":10}}}
,"/home/shoyeb/migration_backup/Code/muaz/src/pages/Preview.tsx": {"path":"/home/shoyeb/migration_backup/Code/muaz/src/pages/Preview.tsx","statementMap":{"0":{"start":{"line":7,"column":17},"end":{"line":12,"column":null}},"1":{"start":{"line":14,"column":38},"end":{"line":14,"column":null}},"2":{"start":{"line":16,"column":20},"end":{"line":18,"column":null}},"3":{"start":{"line":17,"column":4},"end":{"line":17,"column":null}},"4":{"start":{"line":17,"column":21},"end":{"line":17,"column":66}},"5":{"start":{"line":20,"column":20},"end":{"line":22,"column":null}},"6":{"start":{"line":21,"column":4},"end":{"line":21,"column":null}},"7":{"start":{"line":21,"column":21},"end":{"line":21,"column":82}},"8":{"start":{"line":24,"column":2},"end":{"line":76,"column":null}},"9":{"start":{"line":47,"column":16},"end":{"line":49,"column":null}},"10":{"start":{"line":61,"column":12},"end":{"line":66,"column":null}},"11":{"start":{"line":64,"column":29},"end":{"line":64,"column":null}}},"fnMap":{"0":{"name":"Preview","decl":{"start":{"line":6,"column":9},"end":{"line":6,"column":19}},"loc":{"start":{"line":6,"column":19},"end":{"line":78,"column":null}},"line":6},"1":{"name":"(anonymous_1)","decl":{"start":{"line":16,"column":20},"end":{"line":16,"column":26}},"loc":{"start":{"line":16,"column":26},"end":{"line":18,"column":null}},"line":16},"2":{"name":"(anonymous_2)","decl":{"start":{"line":17,"column":20},"end":{"line":17,"column":21}},"loc":{"start":{"line":17,"column":21},"end":{"line":17,"column":66}},"line":17},"3":{"name":"(anonymous_3)","decl":{"start":{"line":20,"column":20},"end":{"line":20,"column":26}},"loc":{"start":{"line":20,"column":26},"end":{"line":22,"column":null}},"line":20},"4":{"name":"(anonymous_4)","decl":{"start":{"line":21,"column":20},"end":{"line":21,"column":21}},"loc":{"start":{"line":21,"column":21},"end":{"line":21,"column":82}},"line":21},"5":{"name":"(anonymous_5)","decl":{"start":{"line":46,"column":26},"end":{"line":46,"column":27}},"loc":{"start":{"line":47,"column":16},"end":{"line":49,"column":null}},"line":47},"6":{"name":"(anonymous_6)","decl":{"start":{"line":60,"column":22},"end":{"line":60,"column":23}},"loc":{"start":{"line":61,"column":12},"end":{"line":66,"column":null}},"line":61},"7":{"name":"(anonymous_7)","decl":{"start":{"line":64,"column":23},"end":{"line":64,"column":29}},"loc":{"start":{"line":64,"column":29},"end":{"line":64,"column":null}},"line":64}},"branchMap":{"0":{"loc":{"start":{"line":63,"column":32},"end":{"line":63,"column":70}},"type":"cond-expr","locations":[{"start":{"line":63,"column":57},"end":{"line":63,"column":68}},{"start":{"line":63,"column":68},"end":{"line":63,"column":70}}],"line":63}},"s":{"0":8,"1":8,"2":8,"3":1,"4":1,"5":8,"6":1,"7":1,"8":8,"9":32,"10":32,"11":1},"f":{"0":8,"1":1,"2":1,"3":1,"4":1,"5":32,"6":32,"7":1},"b":{"0":[8,24]},"meta":{"lastBranch":1,"lastFunction":8,"lastStatement":12,"seen":{"f:6:9:6:19":0,"s:7:17:12:Infinity":0,"s:14:38:14:Infinity":1,"s:16:20:18:Infinity":2,"f:16:20:16:26":1,"s:17:4:17:Infinity":3,"f:17:20:17:21":2,"s:17:21:17:66":4,"s:20:20:22:Infinity":5,"f:20:20:20:26":3,"s:21:4:21:Infinity":6,"f:21:20:21:21":4,"s:21:21:21:82":7,"s:24:2:76:Infinity":8,"f:46:26:46:27":5,"s:47:16:49:Infinity":9,"f:60:22:60:23":6,"s:61:12:66:Infinity":10,"b:63:57:63:68:63:68:63:70":0,"f:64:23:64:29":7,"s:64:29:64:Infinity":11}}}
}
